<?xml version="1.0" encoding="UTF-8" ?>
<testsuite failures="0" time="54.834" errors="0" skipped="0" tests="5" name="com.nss.Tests.TaskModuleTest">
  <properties>
[...]
</properties>
  <testcase time="3.279" classname="com.nss.Tests.TaskModuleTest" name="TC001test"/>
  <testcase time="2.175" classname="com.nss.Tests.TaskModuleTest" name="TC002test"/>
  <testcase time="1.952" classname="com.nss.Tests.TaskModuleTest" name="TC003test"/>
  <testcase time="5.556" classname="com.nss.Tests.TaskModuleTest" name="TC004test"/>
  <testcase time="6.119" classname="com.nss.Tests.TaskModuleTest" name="TC005test"/>
</testsuite>